✅ 楽天API: APP_ID=ab1ea99e...  AFFILIATE_ID=52ea4d1b...
📂 読み込み: ../public/lens_data.json  (485 件)

  [12/485] RF50mm F1.8 STM
     新品: 取得失敗  中古: ¥22,800
  [18/485] NIKKOR Z 14-30mm f/4 S
     新品: 取得失敗  中古: ¥128,800
  [48/485] FE 200-600mm F5.6-6.3 G OSS
     新品: 取得失敗  中古: ¥199,900
  [78/485] 35mm F2 DG DN
     新品: 取得失敗  中古: ¥59,800
  [92/485] 105mm F1.4 DG HSM
     新品: 取得失敗  中古: ¥142,800
  [99/485] SUPER-VARIO-ELMAR-SL 16-35mm f/3.5-4.5 ASPH
     新品: 取得失敗  中古: 取得失敗
  [100/485] VARIO-ELMARIT-SL 24-90mm f/2.8-4 ASPH.
     新品: 取得失敗  中古: 取得失敗
  [101/485] APO-VARIO-ELMARIT-SL 90-280mm f/2.8-4
     新品: 取得失敗  中古: 取得失敗
  [102/485] ELMARIT-TL 18mm f / 2.8 ASPH
     新品: 取得失敗  中古: ¥887,616
  [103/485] SUMMILUX-SL F1.4/50mm ASPH.
     新品: 取得失敗  中古: 取得失敗
  [104/485] AF 14mm F2.8 FE/RF
     新品: 取得失敗  中古: 取得失敗
  [113/485] AF 85mm F1.4 FE/RF
     新品: ¥64,166  中古: 取得失敗
  [114/485] VILTROX PFU RBMH 85mm F1.8
     新品: 取得失敗  中古: ¥25,810
  [115/485] YN35mm F2S DF DSM
     新品: ¥31,680  中古: 取得失敗
  [116/485] YN85mm F1.8S DF DSM
     新品: 取得失敗  中古: 取得失敗
  [135/485] FE PZ 10-20mm F4 G
     新品: ¥104,300  中古: 取得失敗
  [151/485] FE 24mm F2.8 G
     新品: 取得失敗  中古: ¥19,800
  [156/485] Nikkor Z 85mm f/1.2 S
     新品: ¥371,933  中古: 取得失敗
  [159/485] Nikkor Z 28-400mm f/4-8 VR
     新品: 取得失敗  中古: ¥165,800
  [160/485] Nikkor Z 400mm f/2.8 TC VR S
     新品: ¥2,425,280  中古: 取得失敗
  [161/485] Nikkor Z 600mm f/4 TC VR S
     新品: ¥2,929,080  中古: 取得失敗
  [162/485] Nikkor Z 800mm f/6.3 VR S
     新品: ¥838,530  中古: 取得失敗
  [169/485] RF 400mm F2.8 L IS USM
     新品: 取得失敗  中古: 取得失敗
  [170/485] RF 600mm F4 L IS USM
     新品: 取得失敗  中古: 取得失敗
  [171/485] RF 800mm F5.6 L IS USM
     新品: 取得失敗  中古: ¥2,372,238
  [172/485] AF 50mm F1.4 Pro Z
     新品: ¥99,000  中古: 取得失敗
  [173/485] AF 16mm F1.8 L
     新品: ¥24,977  中古: 取得失敗
  [175/485] AF 9mm F2.8 Air XF
     新品: ¥36,000  中古: 取得失敗
  [176/485] AF 85mm F2.0 EVO
     新品: ¥50,400  中古: 取得失敗
  [177/485] Viltrox AF 14mm F4.0 AIR フルサイズ
     新品: ¥36,000  中古: 取得失敗
  [178/485] Viltrox AF 85mm F2.0 EVO フルサイズ
     新品: ¥50,400  中古: 取得失敗
  [179/485] Viltrox AF 35mm F1.2 LAB フルサイズ
     新品: ¥170,740  中古: 取得失敗
  [180/485] Viltrox AF 50mm F2.0 AIR フルサイズ FE ソニーEマウント
     新品: ¥33,149  中古: 取得失敗
  [181/485] Viltrox AF 9mm F2.8 AIR APS-C Z ニコンZマウント
     新品: ¥33,331  中古: 取得失敗
  [182/485] Viltrox AF 9mm F2.8 AIR APS-C E ソニーEマウント
     新品: ¥33,331  中古: 取得失敗
  [183/485] Viltrox AF 85mm F1.4 PRO フルサイズ
     新品: ¥99,900  中古: 取得失敗
  [184/485] Viltrox AF 50mm F2.0 AIR フルサイズ Z ニコンZマウント
     新品: ¥33,149  中古: 取得失敗
  [186/485] Viltrox AF 35mm F1.7 AIR APS-C ZニコンZマウント
     新品: ¥30,600  中古: 取得失敗
  [187/485] Viltrox AF 9mm F2.8 AIR APS-C 富士フィルム X マウント
     新品: ¥33,331  中古: 取得失敗
  [188/485] Viltrox AF 56mm F1.2 PRO APS-C 富士フイルムXマウント
     新品: ¥98,995  中古: 取得失敗
  [189/485] Viltrox AF 15mm F1.7 AIR APS-C Z ニコンZ
     新品: ¥39,960  中古: 取得失敗
  [190/485] Viltrox AF 25mm F1.7 AIR APS-C X富士フイルムX
     新品: ¥24,245  中古: 取得失敗
  [191/485] Viltrox AF 25mm F1.7 AIR APS-C EソニーEマウント
     新品: ¥24,245  中古: 取得失敗
  [192/485] Viltrox AF 35mm F1.7 AIR ソニーEマウント
     新品: ¥30,600  中古: 取得失敗
  [193/485] Viltrox AF 35mm F1.7 AIR APS-C X 富士フイルムXマウント
     新品: ¥30,600  中古: 取得失敗
  [194/485] Viltrox AF 28mm F4.5 AIR ソニーEマウント
     新品: ¥22,000  中古: 取得失敗
  [195/485] Viltrox AF 40mm F2.5 AIR ソニーEマウント
     新品: ¥29,062  中古: 取得失敗
  [196/485] Viltrox AF 50mm F1.4 PRO フルサイズ FE ソニーEマウント
     新品: ¥99,000  中古: 取得失敗
  [197/485] Viltrox AF 15mm F1.7 AIR APS-C EソニーE
     新品: ¥39,960  中古: 取得失敗
  [199/485] Viltrox AF 56mm F1.7 AIR ソニーEマウント
     新品: ¥29,970  中古: 取得失敗
  [200/485] Viltrox AF 56mm F1.4 ソニー Eマウント
     新品: ¥46,800  中古: 取得失敗
  [201/485] Viltrox AF 13mm F1.4 ニコンZマウント
     新品: ¥83,553  中古: 取得失敗
  [202/485] Viltrox AF 56mm F1.7 AIR 富士フイルムXマウント
     新品: ¥29,970  中古: 取得失敗
  [203/485] Viltrox AF 16mm F1.8 ニコンZマウント
     新品: ¥99,000  中古: 取得失敗
  [204/485] Viltrox AF 75mm F1.2 PRO 富士フイルムXマウント
     新品: ¥97,200  中古: 取得失敗
  [205/485] Viltrox AF 27mm F1.2 PRO 富士フイルムXマウント
     新品: ¥87,400  中古: 取得失敗
  [206/485] Viltrox AF 35mm F1.7 AIR APS-C X 富士フイルムXマウントシルバー
     新品: ¥30,600  中古: 取得失敗
  [207/485] Viltrox AF 50mm F1.4 Pro ニコンZマウント
     新品: ¥99,000  中古: 取得失敗
  [208/485] Viltrox AF 16mm F1.8 ライカL
     新品: ¥99,000  中古: 取得失敗
  [209/485] Viltrox AF 56mm F1.2 PRO APS-C ニコンZマウント
     新品: ¥98,995  中古: 取得失敗
  [210/485] Viltrox AF 56mm F1.2 PRO APS-C ソニーEマウント
     新品: ¥98,995  中古: 取得失敗
  [211/485] Viltrox AF 15mm F1.7 AIR APS-C X 富士フイルム X
     新品: ¥39,960  中古: 取得失敗
  [212/485] Viltrox AF 25mm F1.7 AIR APS-C ZニコンZ
     新品: ¥24,245  中古: 取得失敗
  [213/485] Viltrox AF 75mm F1.2 PRO ニコンZマウント
     新品: ¥97,200  中古: 取得失敗
  [214/485] Viltrox AF 27mm F1.2 PRO ニコンZマウント
     新品: ¥87,400  中古: 取得失敗
  [215/485] Viltrox AF 40mm F2.5 AIR ニコンZマウント
     新品: ¥29,062  中古: 取得失敗
  [216/485] Viltrox AF 56mm F1.7 AIR
     新品: ¥29,970  中古: 取得失敗
  [217/485] Viltrox AF 20mm F2.8 AIR ニコンZマウント
     新品: ¥29,970  中古: 取得失敗
  [218/485] Viltrox AF 13mm F1.4 ソニーEマウント
     新品: ¥83,553  中古: 取得失敗
  [219/485] Viltrox AF 27mm F1.2 PRO ソニーEマウント
     新品: ¥87,400  中古: 取得失敗
  [220/485] Viltrox AF 75mm F1.2 PRO ソニーEマウント
     新品: ¥97,200  中古: 取得失敗
  [221/485] Viltrox AF 16mm F1.8 ソニーEマウント
     新品: ¥99,000  中古: 取得失敗
  [222/485] Viltrox AF 13mm F1.4 富士フイルムXマウント
     新品: ¥83,553  中古: 取得失敗
  [223/485] Viltrox AF 20mm F2.8 AIR ソニーEマウント
     新品: ¥29,970  中古: 取得失敗
  [224/485] Viltrox AF 56mm F1.4 富士フイルム Xマウント
     新品: ¥46,800  中古: 取得失敗
  [229/485] APO-LANTHAR 28mm F2 Aspherical フォクトレンダー史上最高性能の広角レンズ 2025年12月
     新品: ¥126,720  中古: 取得失敗
  [233/485] SEPTON 40mm F2 Aspherical コンパクトで高性能なパンケーキタイプの標準レンズ 2026年3月19
     新品: ¥75,420  中古: 取得失敗
  [234/485] NOKTON 50mm F1 Aspherical GA(研削非球面)レンズの採用の超大口径レンズ 2024年3月19日
     新品: 取得失敗  中古: 取得失敗
  [246/485] APO-LANTHAR 28mm F2 Aspherical 広角レンズの極みへ 2025年7月24日発売
     新品: ¥126,720  中古: 取得失敗
  [247/485] COLOR-SKOPAR 28mm F2.8 Aspherical (Type I) コンパクトな外装に先鋭な光学系を実
     新品: ¥66,316  中古: 取得失敗
  [248/485] COLOR-SKOPAR 28mm F2.8 Aspherical (Type II) コンパクトな外装に先鋭な光学系を
     新品: ¥66,316  中古: 取得失敗
  [251/485] NOKTON Vintage Line 35mm F1.5 Aspherical 準広角レンズの新定番 2022年11月
     新品: ¥89,980  中古: 取得失敗
  [253/485] COLOR-SKOPAR 35mm F2.5 P II スタイリッシュなパンケーキ 2006年3月18日 発売
     新品: ¥39,490  中古: 取得失敗
  [254/485] COLOR-SKOPAR 35mm F3.5 Aspherical レトロスタイルの外観に、クリアな描写の光学系を実装。
     新品: ¥89,500  中古: 取得失敗
  [260/485] NOKTON Vintage Line 50mm F1.5 Aspherical II ヴィンテージラインの新・常用標準
     新品: ¥89,091  中古: 取得失敗
  [263/485] COLOR-SKOPAR 50mm F2.2 コンパクトで機動力に優れた標準レンズ 2024年7月17日発売
     新品: ¥66,420  中古: 取得失敗
  [269/485] NOKTON 10.5mm F0.95 Aspherical 超広角レンズで、驚異の大口径を実現 2015年6月12日 
     新品: ¥147,500  中古: 取得失敗
  [270/485] NOKTON 17.5mm F0.95 Aspherical 最新鋭の光学設計で、驚異の大口径を実現 2012年4月29
     新品: ¥106,550  中古: 取得失敗
  [277/485] NOKTON 35mm F0.9 Aspherical F0.9 超大口径の標準レンズ 2023年8月23日発売
     新品: ¥187,020  中古: 取得失敗
  [282/485] APO-LANTHAR 28mm F2 Aspherical フォクトレンダー史上最高性能の広角レンズ 2026年1月3
     新品: ¥126,720  中古: 取得失敗
  [285/485] SEPTON 40mm F2 Aspherical コンパクトで高性能なパンケーキタイプの標準レンズ 2026年4月15
     新品: ¥75,420  中古: 取得失敗
  [286/485] NOKTON 50mm F1 Aspherical GA(研削非球面)レンズの採用の超大口径レンズ 2023年2月23日
     新品: 取得失敗  中古: 取得失敗
  [294/485] NOKTON 50mm F1 Aspherical GA(研削非球面)レンズの採用の超大口径レンズ 2023年10月26
     新品: 取得失敗  中古: 取得失敗
  [296/485] COLOR-SKOPAR 28mm F2.8 Aspherical SL IIs 周辺までシャープな画質の広角レンズ 2
     新品: ¥58,000  中古: 取得失敗
  [297/485] NOKTON 55mm F1.2 SL IIs 35mm判一眼レフ、創成期へのオマージュ。 2023年5月16日発売
     新品: 取得失敗  中古: 取得失敗
  [299/485] APO-SKOPAR 90mm F2.8 SL IIs 高性能とコンパクトさを両立させた中望遠 2021年11月30日発
     新品: ¥59,700  中古: 取得失敗
  [303/485] NIKKOR Z 180-600mm f/5.6-6.3 VR
     新品: 取得失敗  中古: ¥209,800
  [316/485] RF-S 18-45mm F4.5-6.3 IS STM
     新品: 取得失敗  中古: ¥10,780
  [323/485] Sigma 28mm F1.4 DG DN Art
     新品: 取得失敗  中古: 取得失敗
  [341/485] Sigma 17-28mm F2.8 DN Contemporary
     新品: 取得失敗  中古: 取得失敗
  [363/485] GF500mmF5.6 R LM OIS WR
     新品: ¥479,900  中古: ¥449,800
  [366/485] GF32-90mmT3.5 PZ OIS WR
     新品: 取得失敗  中古: 取得失敗
  [370/485] GF30mmF5.6 T/S
     新品: 取得失敗  中古: 取得失敗
  [415/485] Samyang AF 12mm F2.0 FE
     新品: 取得失敗  中古: 取得失敗
  [418/485] Samyang AF 24mm F1.8 FE
     新品: ¥44,835  中古: 取得失敗
  [427/485] Samyang AF 24-70mm F2.8 FE
     新品: ¥54,855  中古: 取得失敗
  [428/485] Samyang 12mm F2.0 NCS CS
     新品: ¥29,820  中古: 取得失敗
  [429/485] Samyang 7.5mm F3.5 UMC Fish-eye MFT
     新品: 取得失敗  中古: 取得失敗
  [437/485] Tamron 17-50mm F/4 Di III VXD
     新品: 取得失敗  中古: 取得失敗
  [450/485] APO-ULTRON 90mm F2 大口径＆コンパクトな中望遠レンズ 2025年1月23日発売
     新品: ¥107,174  中古: 取得失敗
  [453/485] MACRO APO-ULTRON D35mm F2 大口径でコンパクトな標準マクロレンズ 2022年10月4日発売
     新品: ¥86,000  中古: 取得失敗
  [454/485] ULTRON 40mm F2 Aspherical SL IIs 鋭い切れ味となめらかなボケ味の定番レンズ 2017年9
     新品: ¥49,633  中古: 取得失敗
  [462/485] Fujifilm XF 23mm F2 R WR
     新品: 取得失敗  中古: ¥44,660
  [484/485] Fujifilm GF 100mm F4 R LM OIS WR Macro
     新品: 取得失敗  中古: 取得失敗
  [485/485] Fujifilm GF 200mm F2 R LM OIS WR
     新品: 取得失敗  中古: 取得失敗

── サマリー ──────────────────────────────────
  購入リンク追加/更新: 0 件
  価格情報更新:        115 件  (スキップ: 370 件)
  新品価格取得成功:    81 件 / 115 件
  中古価格取得成功:    14 件 / 115 件

💾 保存完了 → ../public/lens_data.json
