✅ 楽天API: APP_ID=ab1ea99e...  AFFILIATE_ID=52ea4d1b...
📂 読み込み: ../public/lens_data.json  (485 件)

🔎 ブランドフィルタ: Nikon  (36 件)
  [1/36] NIKKOR Z 14-30mm f/4 S
     新品: 取得失敗  中古: ¥128,800
  [2/36] NIKKOR Z 14-24mm f/2.8 S
     新品: ¥276,745  中古: ¥62,500
  [3/36] NIKKOR Z 24-50mm f/4-6.3
     新品: ¥74,800  中古: ¥26,500
  [4/36] NIKKOR Z 24-70mm f/2.8 S
     新品: ¥284,738  中古: ¥49,800
  [5/36] NIKKOR Z 24-70mm f/4 S
     新品: ¥122,382  中古: ¥68,800
  [6/36] NIKKOR Z 24-200mm f/4-6.3 VR
     新品: ¥105,000  中古: ¥77,830
  [7/36] NIKKOR Z 70?200mm f/2.8 VR S
     新品: 取得失敗  中古: ¥125,800
  [8/36] NIKKOR Z 20mm f/1.8 S
     新品: ¥103,904  中古: ¥42,900
  [9/36] NIKKOR Z 24mm f/1.8 S
     新品: ¥24,977  中古: ¥43,800
  [10/36] NIKKOR Z 35mm f/1.8 S
     新品: ¥21,980  中古: ¥8,800
  [11/36] NIKKOR Z 50mm f/1.8 S
     新品: ¥29,900  中古: ¥11,270
  [12/36] NIKKOR Z 50mm f/1.2 S
     新品: ¥275,678  中古: ¥30,992
  [13/36] NIKKOR Z 58mm f/0.95 S Noct
     新品: ¥1,581,690  中古: ¥969,800
  [14/36] NIKKOR Z 85mm f/1.8 S
     新品: ¥64,814  中古: ¥19,300
  [15/36] NIKKOR Z DX 16-50mm f/3.5-6.3 VR
     新品: ¥40,260  中古: ¥16,700
  [16/36] NIKKOR Z DX 50-250mm f/4.5-6.3 VR
     新品: ¥44,000  中古: ¥36,080
  [17/36] 完成度の高い超広角レンズ｜NIKKOR Z 20mm f/1.8 S
     新品: 取得失敗  中古: 取得失敗
  [18/36] Nikkor Z 17-28mm f/2.8
     新品: ¥147,139  中古: ¥113,800
  [19/36] Nikkor Z 24-120mm f/4 S
     新品: ¥148,000  中古: ¥23,000
  [20/36] Nikkor Z 28mm f/2.8
     新品: ¥35,936  中古: ¥8,250
  [21/36] Nikkor Z 35mm f/1.4
     新品: ¥140,690  中古: ¥49,500
  [22/36] Nikkor Z 85mm f/1.2 S
     新品: ¥371,933  中古: 取得失敗
  [23/36] Nikkor Z 100-400mm f/4.5-5.6 VR S
     新品: ¥348,000  中古: ¥281,800
  [24/36] Nikkor Z 135mm f/1.8 S Plena
     新品: ¥536,690  中古: ¥308,000
  [25/36] Nikkor Z 28-400mm f/4-8 VR
     新品: 取得失敗  中古: ¥165,800
  [26/36] Nikkor Z 400mm f/2.8 TC VR S
     新品: ¥2,425,280  中古: 取得失敗
  [27/36] Nikkor Z 600mm f/4 TC VR S
     新品: ¥2,929,080  中古: 取得失敗
  [28/36] Nikkor Z 800mm f/6.3 VR S
     新品: ¥838,530  中古: 取得失敗
  [29/36] NIKKOR Z 40mm f/2
     新品: ¥25,976  中古: ¥16,200
  [30/36] NIKKOR Z 105mm f/2.8 VR S
     新品: ¥37,400  中古: ¥35,800
  [31/36] NIKKOR Z 70-180mm f/2.8
     新品: ¥159,800  中古: ¥132,800
  [32/36] NIKKOR Z 180-600mm f/5.6-6.3 VR
     新品: 取得失敗  中古: ¥209,800
  [33/36] NIKKOR Z MC 50mm f/2.8
     新品: ¥128,150  中古: ¥57,800
  [34/36] NIKKOR Z DX 12-28mm f/3.5-5.6 PZ VR
     新品: ¥46,360  中古: ¥38,800
  [35/36] NIKKOR Z DX 18-140mm f/3.5-6.3 VR
     新品: ¥74,389  中古: ¥65,100
  [36/36] NIKKOR Z DX 24mm f/1.7
     新品: ¥42,500  中古: ¥29,800

── サマリー ──────────────────────────────────
  購入リンク追加/更新: 0 件
  価格情報更新:        36 件  (スキップ: 0 件)
  新品価格取得成功:    31 件 / 36 件
  中古価格取得成功:    31 件 / 36 件

💾 保存完了 → ../public/lens_data.json
