✅ 楽天API: APP_ID=ab1ea99e...  AFFILIATE_ID=52ea4d1b...
📂 読み込み: ../public/lens_data.json  (485 件)

  [8/485] RF70-200mm F4 L IS USM
     新品: ¥229,000  中古: ¥178,490
  [9/485] RF100-500mm F4.5-7.1 L IS USM
     新品: ¥417,999  中古: ¥398,000
  [12/485] RF50mm F1.8 STM
     新品: 取得失敗  中古: ¥22,800
  [18/485] NIKKOR Z 14-30mm f/4 S
     新品: 取得失敗  中古: ¥128,800
  [35/485] FE 12-24mm F4 G
     新品: ¥179,850  中古: ¥149,200
  [36/485] Vario-Tessar T* FE 16-35mm F4?
     新品: 取得失敗  中古: 取得失敗
  [38/485] Vario-Tessar T* FE 24-70mm F4 ZA OSS
     新品: ¥112,896  中古: 取得失敗
  [40/485] FE 24-105mm F4 G OSS
     新品: ¥138,320  中古: ¥93,700
  [45/485] FE 70-200mm F4 G OSS
     新品: ¥79,537  中古: ¥91,800
  [46/485] FE 70-300mm F4.5-5.6 G OSS
     新品: ¥159,470  中古: ¥90,120
  [48/485] FE 200-600mm F5.6-6.3 G OSS
     新品: 取得失敗  中古: ¥199,900
  [49/485] FE 20mm F1.8 G
     新品: ¥45,330  中古: ¥77,660
  [51/485] Sonnar T* FE 35mm F2.8 ZA
     新品: 取得失敗  中古: 取得失敗
  [53/485] Distagon T* FE 35mm F1.4 ZA
     新品: 取得失敗  中古: 取得失敗
  [56/485] Planar T* FE 50mm F1.4 ZA
     新品: 取得失敗  中古: ¥89,800
  [57/485] Sonnar T* FE 55mm F1.8 ZA
     新品: 取得失敗  中古: ¥73,800
  [60/485] FE 90mm F2.8 Macro G OSS
     新品: ¥127,710  中古: ¥71,800
  [65/485] LUMIX S PRO 16-35mm F4
     新品: ¥155,856  中古: ¥148,900
  [66/485] LUMIX S 20-60mm F3.5-5.6
     新品: ¥71,033  中古: ¥27,800
  [67/485] LUMIX S PRO 24-70mm F2.8
     新品: ¥220,797  中古: ¥230,800
  [68/485] LUMIX S 24-105mm F4 Macro O.I.S.
     新品: ¥109,899  中古: ¥94,500
  [69/485] LUMIX S PRO 70-200mm F2.8 O.I.S.
     新品: ¥272,749  中古: ¥221,800
  [70/485] LUMIX S PRO 70-200mm F4 O.I.S.
     新品: ¥131,782  中古: ¥106,800
  [71/485] LUMIX S PRO 50mm F1.4
     新品: ¥234,800  中古: ¥193,200
  [72/485] LUMIX S 85mm F1.8
     新品: ¥56,700  中古: ¥57,800
  [78/485] 35mm F2 DG DN
     新品: 取得失敗  中古: ¥59,800
  [92/485] 105mm F1.4 DG HSM
     新品: 取得失敗  中古: ¥142,800
  [96/485] Batis 2/40 CF
     新品: 取得失敗  中古: 取得失敗
  [99/485] SUPER-VARIO-ELMAR-SL 16-35mm f/3.5-4.5 ASPH
     新品: 取得失敗  中古: 取得失敗
  [100/485] VARIO-ELMARIT-SL 24-90mm f/2.8-4 ASPH.
     新品: 取得失敗  中古: 取得失敗
  [101/485] APO-VARIO-ELMARIT-SL 90-280mm f/2.8-4
     新品: 取得失敗  中古: 取得失敗
  [102/485] ELMARIT-TL 18mm f / 2.8 ASPH
     新品: 取得失敗  中古: ¥887,616
  [103/485] SUMMILUX-SL F1.4/50mm ASPH.
     新品: 取得失敗  中古: 取得失敗
  [104/485] AF 14mm F2.8 FE/RF
     新品: 取得失敗  中古: 取得失敗
  [105/485] AF 24mm f/2.8 FE
     新品: ¥37,965  中古: ¥19,800
  [108/485] AF 35mm f/2.8 FE
     新品: ¥37,965  中古: ¥47,500
  [113/485] AF 85mm F1.4 FE/RF
     新品: ¥64,166  中古: 取得失敗
  [114/485] VILTROX PFU RBMH 85mm F1.8
     新品: 取得失敗  中古: ¥25,810
  [115/485] YN35mm F2S DF DSM
     新品: ¥31,680  中古: 取得失敗
  [116/485] YN85mm F1.8S DF DSM
     新品: 取得失敗  中古: 取得失敗
  [131/485] FE 40mm F2.5 G
     新品: ¥28,800  中古: ¥73,800
  [132/485] FE 50mm F2.5 G
     新品: ¥79,800  中古: ¥56,600
  [134/485] FE 70-200mm F4 Macro G OSS
     新品: ¥214,800  中古: ¥187,660
  [135/485] FE PZ 10-20mm F4 G
     新品: ¥104,300  中古: 取得失敗
  [136/485] FE PZ 16-35mm F4 G
     新品: ¥155,730  中古: ¥114,800
  [137/485] FE PZ 28-135mm F4 G OSS
     新品: ¥245,250  中古: ¥221,090
  [138/485] E 10-18mm F4 OSS
     新品: ¥69,980  中古: ¥40,700
  [139/485] E 11mm F1.8
     新品: ¥62,370  中古: ¥52,730
  [140/485] E 15mm F1.4 G
     新品: ¥82,624  中古: ¥67,800
  [141/485] E 16-55mm F2.8 G
     新品: ¥136,789  中古: ¥113,800
  [142/485] E 18-105mm F4 G OSS
     新品: ¥66,680  中古: ¥39,800
  [143/485] E 18-135mm F3.5-5.6 OSS
     新品: ¥68,090  中古: ¥49,731
  [144/485] E 24mm F1.8 ZA
     新品: ¥85,600  中古: ¥37,690
  [145/485] E 35mm F1.8 OSS
     新品: ¥52,950  中古: ¥34,800
  [146/485] E 50mm F1.8 OSS
     新品: ¥33,980  中古: ¥16,390
  [147/485] E 55-210mm F4.5-6.3 OSS
     新品: ¥28,667  中古: ¥10,980
  [148/485] E 70-350mm F4.5-6.3 G OSS
     新品: ¥109,882  中古: ¥93,190
  [149/485] FE 16-25mm F2.8 G
     新品: ¥156,780  中古: ¥146,580
  [151/485] FE 24mm F2.8 G
     新品: 取得失敗  中古: ¥19,800
  [156/485] Nikkor Z 85mm f/1.2 S
     新品: ¥371,933  中古: 取得失敗
  [159/485] Nikkor Z 28-400mm f/4-8 VR
     新品: 取得失敗  中古: ¥165,800
  [160/485] Nikkor Z 400mm f/2.8 TC VR S
     新品: ¥2,425,280  中古: 取得失敗
  [161/485] Nikkor Z 600mm f/4 TC VR S
     新品: ¥2,929,080  中古: 取得失敗
  [162/485] Nikkor Z 800mm f/6.3 VR S
     新品: ¥838,530  中古: 取得失敗
  [163/485] RF 14-35mm F4 L IS USM
     新品: ¥210,000  中古: ¥173,800
  [165/485] RF 24-105mm F2.8 L IS USM Z
     新品: ¥22,665  中古: ¥383,390
  [166/485] RF 100mm F2.8 L Macro IS USM
     新品: ¥177,100  中古: ¥189,500
  [167/485] RF 135mm F1.8 L IS USM
     新品: ¥302,964  中古: ¥312,960
  [169/485] RF 400mm F2.8 L IS USM
     新品: 取得失敗  中古: 取得失敗
  [170/485] RF 600mm F4 L IS USM
     新品: 取得失敗  中古: 取得失敗
  [171/485] RF 800mm F5.6 L IS USM
     新品: 取得失敗  中古: ¥2,372,238
  [172/485] AF 50mm F1.4 Pro Z
     新品: ¥99,000  中古: 取得失敗
  [173/485] AF 16mm F1.8 L
     新品: ¥24,977  中古: 取得失敗
  [174/485] AF 35mm F1.2 LAB Z
     新品: ¥170,740  中古: ¥129,800
  [175/485] AF 9mm F2.8 Air XF
     新品: ¥36,000  中古: 取得失敗
  [176/485] AF 85mm F2.0 EVO
     新品: ¥50,400  中古: 取得失敗
  [177/485] Viltrox AF 14mm F4.0 AIR フルサイズ
     新品: ¥36,000  中古: 取得失敗
  [178/485] Viltrox AF 85mm F2.0 EVO フルサイズ
     新品: ¥50,400  中古: 取得失敗
  [179/485] Viltrox AF 35mm F1.2 LAB フルサイズ
     新品: ¥170,740  中古: 取得失敗
  [180/485] Viltrox AF 50mm F2.0 AIR フルサイズ FE ソニーEマウント
     新品: ¥33,149  中古: 取得失敗
  [181/485] Viltrox AF 9mm F2.8 AIR APS-C Z ニコンZマウント
     新品: ¥33,331  中古: 取得失敗
  [182/485] Viltrox AF 9mm F2.8 AIR APS-C E ソニーEマウント
     新品: ¥33,331  中古: 取得失敗
  [183/485] Viltrox AF 85mm F1.4 PRO フルサイズ
     新品: ¥99,900  中古: 取得失敗
  [184/485] Viltrox AF 50mm F2.0 AIR フルサイズ Z ニコンZマウント
     新品: ¥33,149  中古: 取得失敗
  [185/485] Viltrox AF 135mm F1.8 LAB フルサイズ Z ニコンZマウント
     新品: ¥154,391  中古: ¥119,230
  [186/485] Viltrox AF 35mm F1.7 AIR APS-C ZニコンZマウント
     新品: ¥30,600  中古: 取得失敗
  [187/485] Viltrox AF 9mm F2.8 AIR APS-C 富士フィルム X マウント
     新品: ¥33,331  中古: 取得失敗
  [188/485] Viltrox AF 56mm F1.2 PRO APS-C 富士フイルムXマウント
     新品: ¥98,995  中古: 取得失敗
  [189/485] Viltrox AF 15mm F1.7 AIR APS-C Z ニコンZ
     新品: ¥39,960  中古: 取得失敗
  [190/485] Viltrox AF 25mm F1.7 AIR APS-C X富士フイルムX
     新品: ¥24,245  中古: 取得失敗
  [191/485] Viltrox AF 25mm F1.7 AIR APS-C EソニーEマウント
     新品: ¥24,245  中古: 取得失敗
  [192/485] Viltrox AF 35mm F1.7 AIR ソニーEマウント
     新品: ¥30,600  中古: 取得失敗
  [193/485] Viltrox AF 35mm F1.7 AIR APS-C X 富士フイルムXマウント
     新品: ¥30,600  中古: 取得失敗
  [194/485] Viltrox AF 28mm F4.5 AIR ソニーEマウント
     新品: ¥22,000  中古: 取得失敗
  [195/485] Viltrox AF 40mm F2.5 AIR ソニーEマウント
     新品: ¥29,062  中古: 取得失敗
  [196/485] Viltrox AF 50mm F1.4 PRO フルサイズ FE ソニーEマウント
     新品: ¥99,000  中古: 取得失敗
  [197/485] Viltrox AF 15mm F1.7 AIR APS-C EソニーE
     新品: ¥39,960  中古: 取得失敗
  [198/485] Viltrox AF 135mm F1.8 LAB フルサイズ FE ソニーEマウント
     新品: ¥154,391  中古: ¥119,230
  [199/485] Viltrox AF 56mm F1.7 AIR ソニーEマウント
     新品: ¥29,970  中古: 取得失敗
  [200/485] Viltrox AF 56mm F1.4 ソニー Eマウント
     新品: ¥46,800  中古: 取得失敗
  [201/485] Viltrox AF 13mm F1.4 ニコンZマウント
     新品: ¥83,553  中古: 取得失敗
  [202/485] Viltrox AF 56mm F1.7 AIR 富士フイルムXマウント
     新品: ¥29,970  中古: 取得失敗
  [203/485] Viltrox AF 16mm F1.8 ニコンZマウント
     新品: ¥99,000  中古: 取得失敗
  [204/485] Viltrox AF 75mm F1.2 PRO 富士フイルムXマウント
     新品: ¥97,200  中古: 取得失敗
  [205/485] Viltrox AF 27mm F1.2 PRO 富士フイルムXマウント
     新品: ¥87,400  中古: 取得失敗
  [206/485] Viltrox AF 35mm F1.7 AIR APS-C X 富士フイルムXマウントシルバー
     新品: ¥30,600  中古: 取得失敗
  [207/485] Viltrox AF 50mm F1.4 Pro ニコンZマウント
     新品: ¥99,000  中古: 取得失敗
  [208/485] Viltrox AF 16mm F1.8 ライカL
     新品: ¥99,000  中古: 取得失敗
  [209/485] Viltrox AF 56mm F1.2 PRO APS-C ニコンZマウント
     新品: ¥98,995  中古: 取得失敗
  [210/485] Viltrox AF 56mm F1.2 PRO APS-C ソニーEマウント
     新品: ¥98,995  中古: 取得失敗
  [211/485] Viltrox AF 15mm F1.7 AIR APS-C X 富士フイルム X
     新品: ¥39,960  中古: 取得失敗
  [212/485] Viltrox AF 25mm F1.7 AIR APS-C ZニコンZ
     新品: ¥24,245  中古: 取得失敗
  [213/485] Viltrox AF 75mm F1.2 PRO ニコンZマウント
     新品: ¥97,200  中古: 取得失敗
  [214/485] Viltrox AF 27mm F1.2 PRO ニコンZマウント
     新品: ¥87,400  中古: 取得失敗
  [215/485] Viltrox AF 40mm F2.5 AIR ニコンZマウント
     新品: ¥29,062  中古: 取得失敗
  [216/485] Viltrox AF 56mm F1.7 AIR
     新品: ¥29,970  中古: 取得失敗
  [217/485] Viltrox AF 20mm F2.8 AIR ニコンZマウント
     新品: ¥29,970  中古: 取得失敗
  [218/485] Viltrox AF 13mm F1.4 ソニーEマウント
     新品: ¥83,553  中古: 取得失敗
  [219/485] Viltrox AF 27mm F1.2 PRO ソニーEマウント
     新品: ¥87,400  中古: 取得失敗
  [220/485] Viltrox AF 75mm F1.2 PRO ソニーEマウント
     新品: ¥97,200  中古: 取得失敗
  [221/485] Viltrox AF 16mm F1.8 ソニーEマウント
     新品: ¥99,000  中古: 取得失敗
  [222/485] Viltrox AF 13mm F1.4 富士フイルムXマウント
     新品: ¥83,553  中古: 取得失敗
  [223/485] Viltrox AF 20mm F2.8 AIR ソニーEマウント
     新品: ¥29,970  中古: 取得失敗
  [224/485] Viltrox AF 56mm F1.4 富士フイルム Xマウント
     新品: ¥46,800  中古: 取得失敗
  [225/485] HELIAR-HYPER WIDE 10mm F5.6 Aspherical 世界最広角*の画角、フルサイズ対応のソニー
     新品: ¥118,500  中古: ¥63,800
  [226/485] SUPER WIDE-HELIAR 15mm F4.5 Aspherical III 超広角、フルサイズ対応のソニーEマ
     新品: ¥84,455  中古: ¥57,800
  [227/485] NOKTON 21mm F1.4 Aspherical ボケ表現が楽しめる超広角レンズ 2019年6月27日発売
     新品: ¥133,190  中古: ¥101,800
  [228/485] NOKTON 28mm F1.5 Aspherical 引き締まったサイズ感の大口径広角レンズ 2025年1月23日発売
     新品: ¥111,034  中古: ¥96,800
  [229/485] APO-LANTHAR 28mm F2 Aspherical フォクトレンダー史上最高性能の広角レンズ 2025年12月
     新品: ¥126,720  中古: 取得失敗
  [230/485] NOKTON classic 35mm F1.4 最新鋭のクラシックレンズ 2018年2月15日発売
     新品: ¥63,800  中古: ¥57,800
  [231/485] APO-LANTHAR 35mm F2 Aspherical フォクトレンダー史上最高性能の準広角レンズ 2021年4月
     新品: ¥105,300  中古: ¥80,800
  [232/485] NOKTON 40mm F1.2 Aspherical なめらかなボケ味が楽しめる世界初*の大口径レンズ 2017年10
     新品: ¥92,200  中古: ¥69,800
  [233/485] SEPTON 40mm F2 Aspherical コンパクトで高性能なパンケーキタイプの標準レンズ 2026年3月19
     新品: ¥75,420  中古: 取得失敗
  [234/485] NOKTON 50mm F1 Aspherical GA(研削非球面)レンズの採用の超大口径レンズ 2024年3月19日
     新品: 取得失敗  中古: 取得失敗
  [235/485] NOKTON 50mm F1.2 Aspherical 大きなボケと快適な操作感覚を両立 2019年4月19日発売
     新品: ¥117,800  中古: ¥87,800
  [236/485] APO-LANTHAR 50mm F2 Aspherical フォクトレンダー史上最高性能の標準レンズ 2019年12月
     新品: ¥101,800  中古: ¥69,800
  [237/485] MACRO APO-LANTHAR 65mm F2 Aspherical アポクロマート設計のマクロレンズ 2017年8
     新品: ¥113,080  中古: ¥55,800
  [238/485] NOKTON 75mm F1.5 Aspherical 大きなボケと、優れたハンドリングの中望遠レンズ 2024年7月1
     新品: ¥111,375  中古: ¥92,800
  [239/485] PORTRAIT HELIAR 75mm F1.8 ボケ味をコントロールできる中望遠レンズ 2025年6月20日発売
     新品: ¥133,332  中古: ¥127,800
  [240/485] MACRO APO-LANTHAR 110mm F2.5 アポクロマート設計の等倍マクロ 2018年12月7日発売
     新品: ¥142,273  中古: ¥85,800
  [241/485] HELIAR-HYPER WIDE 10mm F5.6 Aspherical 世界最広角*の画角、VMマウント超広角レン
     新品: ¥118,500  中古: ¥63,800
  [242/485] SUPER WIDE-HELIAR 15mm F4.5 Aspherical III デジタル対応スーパーワイド 201
     新品: ¥84,455  中古: ¥57,800
  [243/485] NOKTON 21mm F1.4 Aspherical 超広角で大きなボケを楽しむ 2020年02月27日発売
     新品: ¥133,190  中古: ¥101,800
  [244/485] COLOR-SKOPAR 21mm F4 P シャープな描写の超広角 2007年4月25日 発売
     新品: ¥94,787  中古: ¥81,000
  [245/485] NOKTON Vintage Line 28mm F1.5 Aspherical ヴィンテージラインの大口径広角レンズ 
     新品: ¥116,257  中古: ¥150,040
  [246/485] APO-LANTHAR 28mm F2 Aspherical 広角レンズの極みへ 2025年7月24日発売
     新品: ¥126,720  中古: 取得失敗
  [247/485] COLOR-SKOPAR 28mm F2.8 Aspherical (Type I) コンパクトな外装に先鋭な光学系を実
     新品: ¥66,316  中古: 取得失敗
  [248/485] COLOR-SKOPAR 28mm F2.8 Aspherical (Type II) コンパクトな外装に先鋭な光学系を
     新品: ¥66,316  中古: 取得失敗
  [249/485] NOKTON 35mm F1.2 Aspherical IV 大口径と機動性のベストバランス 2025年5月23日 発売
     新品: ¥118,000  中古: ¥69,800
  [250/485] NOKTON classic 35mm F1.4 II 歴史的なレンズ構成を再現 2019年6月12日 発売
     新品: ¥63,800  中古: ¥60,900
  [251/485] NOKTON Vintage Line 35mm F1.5 Aspherical 準広角レンズの新定番 2022年11月
     新品: ¥89,980  中古: 取得失敗
  [252/485] APO-LANTHAR 35mm F2 Aspherical 準広角レンズの極みへ 2021年03月25日発売
     新品: ¥105,300  中古: ¥80,800
  [253/485] COLOR-SKOPAR 35mm F2.5 P II スタイリッシュなパンケーキ 2006年3月18日 発売
     新品: ¥39,490  中古: 取得失敗
  [254/485] COLOR-SKOPAR 35mm F3.5 Aspherical レトロスタイルの外観に、クリアな描写の光学系を実装。
     新品: ¥89,500  中古: 取得失敗
  [255/485] NOKTON 40mm F1.2 Aspherical II なめらかで大きなボケ味 2025年6月20日発売
     新品: ¥92,200  中古: ¥69,800
  [256/485] NOKTON classic 40mm F1.4 クラシックレンズの味わい 2004年4月10日 発売
     新品: ¥43,800  中古: ¥58,960
  [257/485] HELIAR 40mm F2.8 Aspherical 鋭い切れ味の準広角レンズ 2022年3月30日発売
     新品: ¥62,300  中古: ¥52,800
  [258/485] NOKTON 50mm F1 Aspherical 超大口径レンズの悦楽。 2022年1月26日発売
     新品: ¥89,091  中古: ¥41,800
  [259/485] NOKTON 50mm F1.2 Aspherical II 大きなボケと良好なハンドリングを両立 2025年5月23日
     新品: ¥117,800  中古: ¥87,800
  [260/485] NOKTON Vintage Line 50mm F1.5 Aspherical II ヴィンテージラインの新・常用標準
     新品: ¥89,091  中古: 取得失敗
  [261/485] HELIAR classic 50mm F1.5 クラシカルなボケとフレア 2021年9月10日発売
     新品: ¥79,920  中古: ¥61,800
  [262/485] APO-LANTHAR 50mm F2 Aspherical 標準レンズの極みへ 2021年01月27日発売
     新品: ¥101,800  中古: ¥69,800
  [263/485] COLOR-SKOPAR 50mm F2.2 コンパクトで機動力に優れた標準レンズ 2024年7月17日発売
     新品: ¥66,420  中古: 取得失敗
  [264/485] APO-LANTHAR 50mm F3.5 (Type I) クラシックデザインと超高性能レンズの融合 2024年8月2
     新品: ¥93,420  中古: ¥65,800
  [265/485] APO-LANTHAR 50mm F3.5 (Type II) クラシックデザインと超高性能レンズの融合 2024年8月
     新品: ¥83,400  中古: ¥67,800
  [266/485] APO-LANTHAR 50mm F3.5 Limited フォクトレンダーブランド商品化25周年記念モデル 2024年
     新品: ¥95,800  中古: ¥75,700
  [267/485] NOKTON Vintage Line 75mm F1.5 Aspherical 大きなボケと、優れたハンドリング 20
     新品: ¥111,375  中古: ¥114,960
  [268/485] APO-SKOPAR 90mm F2.8 高性能とコンパクトさを両立 2021年11月30日発売（シルバー） 2021年
     新品: ¥59,700  中古: ¥59,800
  [269/485] NOKTON 10.5mm F0.95 Aspherical 超広角レンズで、驚異の大口径を実現 2015年6月12日 
     新品: ¥147,500  中古: 取得失敗
  [270/485] NOKTON 17.5mm F0.95 Aspherical 最新鋭の光学設計で、驚異の大口径を実現 2012年4月29
     新品: ¥106,550  中古: 取得失敗
  [271/485] NOKTON 25mm F0.95 Type II 動画対応、大口径標準レンズ 2014年4月8日 発売
     新品: ¥92,200  中古: ¥55,800
  [272/485] SUPER NOKTON 29mm F0.8 Aspherical ノクトンを超える、大口径レンズ 2020年12月10
     新品: ¥207,273  中古: ¥366,840
  [273/485] NOKTON 42.5mm F0.95 驚異の大口径中望遠レンズ 2013年8月23日 発売
     新品: ¥97,800  中古: ¥58,800
  [274/485] NOKTON 60mm F0.95 驚異の大口径シリーズ第５弾 2020年4月24日発売
     新品: ¥125,580  中古: ¥128,960
  [275/485] COLOR-SKOPAR 18mm F2.8 Aspherical 薄型パンケーキスタイルの広角レンズ 2024年2月9
     新品: ¥70,920  中古: ¥62,800
  [276/485] NOKTON 23mm F1.2 Aspherical 大口径でコンパクトな準広角レンズ 2022年7月13日発売
     新品: ¥80,700  中古: ¥56,800
  [277/485] NOKTON 35mm F0.9 Aspherical F0.9 超大口径の標準レンズ 2023年8月23日発売
     新品: ¥187,020  中古: 取得失敗
  [278/485] NOKTON 35mm F1.2 大口径でコンパクトな標準レンズ 2021年9月28日発売
     新品: ¥63,979  中古: ¥55,800
  [279/485] NOKTON 50mm F1.2 大口径でコンパクトな中望遠レンズ 2023年9月7日発売
     新品: ¥86,800  中古: ¥87,800
  [280/485] SUPER WIDE-HELIAR 15mm F4.5 Aspherical フルサイズ対応のスーパーワイド 2023年
     新品: ¥84,455  中古: ¥31,200
  [281/485] NOKTON 28mm F1.5 Aspherical 大口径、フルサイズの広角レンズ 2025年2月20日発売
     新品: ¥111,034  中古: ¥96,800
  [282/485] APO-LANTHAR 28mm F2 Aspherical フォクトレンダー史上最高性能の広角レンズ 2026年1月3
     新品: ¥126,720  中古: 取得失敗
  [283/485] APO-LANTHAR 35mm F2 Aspherical II フォクトレンダー史上最高性能の準広角レンズ 2024
     新品: ¥105,300  中古: ¥80,800
  [284/485] NOKTON 40mm F1.2 Aspherical なめらかで大きなボケが楽しめる大口径レンズ 2022年10月26
     新品: ¥92,200  中古: ¥69,800
  [285/485] SEPTON 40mm F2 Aspherical コンパクトで高性能なパンケーキタイプの標準レンズ 2026年4月15
     新品: ¥75,420  中古: 取得失敗
  [286/485] NOKTON 50mm F1 Aspherical GA(研削非球面)レンズの採用の超大口径レンズ 2023年2月23日
     新品: 取得失敗  中古: 取得失敗
  [287/485] APO-LANTHAR 50mm F2 Aspherical II フォクトレンダー史上最高性能の標準レンズ 2024年
     新品: ¥101,800  中古: ¥69,800
  [288/485] MACRO APO-LANTHAR 65mm F2 Aspherical アポクロマート設計のマクロレンズ 2022年1
     新品: ¥113,080  中古: ¥55,800
  [289/485] NOKTON 75mm F1.5 Aspherical 大きなボケと、優れたハンドリング 2024年5月15日発売
     新品: ¥111,375  中古: ¥92,800
  [290/485] PORTRAIT HELIAR 75mm F1.8 コントロールリングで、多彩なボケ表現を楽しむ 2026年2月18日発
     新品: ¥133,332  中古: ¥127,800
  [291/485] NOKTON D23mm F1.2 Aspherical 大口径でコンパクトな準広角レンズ 2022年5月26日発売
     新品: ¥85,273  中古: ¥56,800
  [292/485] NOKTON D35mm F1.2 大口径でコンパクトな標準レンズ 2022年4月6日発売
     新品: ¥73,620  中古: ¥55,800
  [293/485] NOKTON 40mm F1.2 Aspherical フルサイズで大口径F1.2を実現 2024年1月19日発売
     新品: ¥92,200  中古: ¥69,800
  [294/485] NOKTON 50mm F1 Aspherical GA(研削非球面)レンズの採用の超大口径レンズ 2023年10月26
     新品: 取得失敗  中古: 取得失敗
  [295/485] NOKTON 75mm F1.5 Aspherical 大きなボケと、優れたハンドリング 2024年4月26日発売
     新品: ¥111,375  中古: ¥92,800
  [296/485] COLOR-SKOPAR 28mm F2.8 Aspherical SL IIs 周辺までシャープな画質の広角レンズ 2
     新品: ¥58,000  中古: 取得失敗
  [297/485] NOKTON 55mm F1.2 SL IIs 35mm判一眼レフ、創成期へのオマージュ。 2023年5月16日発売
     新品: 取得失敗  中古: 取得失敗
  [298/485] NOKTON 58mm F1.4 SL IIs 大口径フルサイズの描写力と、懐かしきデザインの融合 2016年10月27
     新品: ¥57,570  中古: ¥66,960
  [299/485] APO-SKOPAR 90mm F2.8 SL IIs 高性能とコンパクトさを両立させた中望遠 2021年11月30日発
     新品: ¥59,700  中古: 取得失敗
  [303/485] NIKKOR Z 180-600mm f/5.6-6.3 VR
     新品: 取得失敗  中古: ¥209,800
  [308/485] RF 50mm F1.4 L VCM
     新品: ¥241,064  中古: ¥185,700
  [309/485] RF 500mm F4 L IS USM
     新品: ¥417,999  中古: ¥398,000
  [310/485] RF 100-300mm F2.8 L IS USM
     新品: ¥2,092,749  中古: ¥1,373,390
  [316/485] RF-S 18-45mm F4.5-6.3 IS STM
     新品: 取得失敗  中古: ¥10,780
  [323/485] Sigma 28mm F1.4 DG DN Art
     新品: 取得失敗  中古: 取得失敗
  [341/485] Sigma 17-28mm F2.8 DN Contemporary
     新品: 取得失敗  中古: 取得失敗
  [353/485] GF23mmF4 R LM WR
     新品: ¥371,658  中古: ¥145,800
  [354/485] GF30mmF3.5 R WR
     新品: ¥240,570  中古: ¥169,800
  [355/485] GF45mmF2.8 R WR
     新品: ¥240,570  中古: ¥147,800
  [356/485] GF50mmF3.5 R LM WR
     新品: ¥141,570  中古: ¥108,160
  [357/485] GF55mmF1.7 R WR
     新品: ¥328,698  中古: ¥299,800
  [358/485] GF63mmF2.8 R WR
     新品: ¥211,860  中古: ¥121,800
  [359/485] GF80mmF1.7 R WR
     新品: ¥328,698  中古: ¥225,800
  [360/485] GF110mmF2 R LM WR
     新品: ¥396,000  中古: ¥270,000
  [361/485] GF120mmF4 R LM OIS WR Macro
     新品: ¥382,140  中古: ¥281,700
  [362/485] GF250mmF4 R LM OIS WR
     新品: ¥467,280  中古: ¥294,800
  [363/485] GF500mmF5.6 R LM OIS WR
     新品: ¥479,900  中古: 取得失敗
  [364/485] GF20-35mmF4 R WR
     新品: ¥353,430  中古: ¥331,800
  [365/485] GF32-64mmF4 R LM WR
     新品: ¥325,000  中古: ¥189,800
  [366/485] GF32-90mmT3.5 PZ OIS WR
     新品: 取得失敗  中古: 取得失敗
  [368/485] GF45-100mmF4 R LM OIS WR
     新品: ¥325,710  中古: ¥256,700
  [369/485] GF100-200mmF5.6 R LM OIS WR
     新品: ¥285,737  中古: ¥188,800
  [370/485] GF30mmF5.6 T/S
     新品: 取得失敗  中古: 取得失敗
  [371/485] GF110mmF5.6 T/S Macro
     新品: ¥580,000  中古: ¥1,659,000
  [373/485] XF8mmF3.5 R WR
     新品: ¥90,396  中古: ¥85,800
  [374/485] XF14mmF2.8 R
     新品: ¥108,600  中古: ¥28,080
  [375/485] XF16mmF1.4 R WR
     新品: ¥141,570  中古: ¥58,800
  [376/485] XF16mmF2.8 R WR
     新品: ¥56,948  中古: ¥43,530
  [377/485] XF18mmF1.4 R LM WR
     新品: ¥142,868  中古: ¥85,900
  [378/485] XF18mmF2 R
     新品: ¥85,140  中古: ¥35,800
  [379/485] XF23mmF1.4 R LM WR
     新品: ¥99,850  中古: ¥87,800
  [380/485] XF23mmF2 R WR
     新品: ¥55,780  中古: ¥44,660
  [381/485] XF23mmF2.8 R WR
     新品: ¥55,780  中古: ¥60,280
  [382/485] XF27mmF2.8 R WR
     新品: ¥55,454  中古: ¥50,800
  [383/485] XF30mmF2.8 R LM WR Macro
     新品: ¥84,453  中古: ¥58,300
  [384/485] XF33mmF1.4 R LM WR
     新品: ¥103,900  中古: ¥103,960
  [385/485] XF35mmF1.4 R
     新品: ¥83,800  中古: ¥71,800
  [386/485] XF35mmF2 R WR
     新品: ¥54,530  中古: ¥47,000
  [387/485] XF50mmF1.0 R WR
     新品: ¥211,860  中古: ¥121,000
  [388/485] XF50mmF2 R WR
     新品: ¥60,850  中古: ¥46,800
  [389/485] XF56mmF1.2 R WR
     新品: ¥137,690  中古: ¥107,000
  [390/485] XF60mmF2.4 R Macro
     新品: ¥89,540  中古: ¥37,800
  [391/485] XF80mmF2.8 R LM OIS WR Macro
     新品: ¥160,930  中古: ¥76,800
  [392/485] XF90mmF2 R LM WR
     新品: ¥134,640  中古: ¥87,800
  [393/485] XF200mmF2 R LM OIS WR
     新品: ¥849,420  中古: ¥458,000
  [394/485] XF500mmF5.6 R LM OIS WR
     新品: ¥413,366  中古: ¥348,000
  [396/485] XF8-16mmF2.8 R LM WR
     新品: ¥283,140  中古: ¥138,800
  [397/485] XF10-24mmF4 R OIS WR
     新品: ¥141,079  中古: ¥71,900
  [398/485] XF16-50mmF2.8-4.8 R LM WR
     新品: ¥97,180  中古: ¥80,500
  [399/485] XF16-55mmF2.8 R LM WR II
     新品: ¥241,234  中古: ¥110,800
  [400/485] XF16-80mmF4 R OIS WR
     新品: ¥112,860  中古: ¥64,700
  [402/485] XF18-135mmF3.5-5.6 R LM OIS WR
     新品: ¥127,710  中古: ¥65,800
  [403/485] XF50-140mmF2.8 R LM OIS WR
     新品: ¥226,710  中古: ¥140,800
  [404/485] XF55-200mmF3.5-4.8 R LM OIS
     新品: ¥99,000  中古: ¥44,700
  [405/485] XF70-300mmF4-5.6 R LM OIS WR
     新品: ¥112,000  中古: ¥99,800
  [406/485] XF100-400mmF4.5-5.6 R LM OIS WR
     新品: ¥269,280  中古: ¥130,980
  [407/485] XF150-600mmF5.6-8 R LM OIS WR
     新品: ¥285,700  中古: ¥219,800
  [413/485] XF16-55mmF2.8 R LM WR
     新品: ¥241,234  中古: ¥110,800
  [414/485] XF18-55mmF2.8-4 R LM OIS
     新品: ¥95,010  中古: ¥46,980
  [415/485] Samyang AF 12mm F2.0 FE
     新品: 取得失敗  中古: 取得失敗
  [418/485] Samyang AF 24mm F1.8 FE
     新品: ¥44,835  中古: 取得失敗
  [427/485] Samyang AF 24-70mm F2.8 FE
     新品: ¥54,855  中古: 取得失敗
  [428/485] Samyang 12mm F2.0 NCS CS
     新品: ¥29,820  中古: 取得失敗
  [429/485] Samyang 7.5mm F3.5 UMC Fish-eye MFT
     新品: 取得失敗  中古: 取得失敗
  [430/485] Tamron 17-28mm F/2.8 Di III RXD
     新品: ¥103,900  中古: ¥59,190
  [431/485] Tamron 28-75mm F/2.8 Di III RXD
     新品: ¥120,188  中古: ¥62,800
  [432/485] Tamron 28-75mm F/2.8 Di III VXD G2
     新品: ¥94,490  中古: ¥75,830
  [433/485] Tamron 35-150mm F/2-2.8 Di III VXD
     新品: ¥185,740  中古: ¥151,860
  [435/485] Tamron 70-180mm F/2.8 Di III VXD
     新品: ¥144,540  中古: ¥77,660
  [436/485] Tamron 70-180mm F/2.8 Di III VC VXD G2
     新品: ¥144,540  中古: ¥131,780
  [437/485] Tamron 17-50mm F/4 Di III VXD
     新品: 取得失敗  中古: 取得失敗
  [438/485] Tamron 28-200mm F/2.8-5.6 Di III RXD
     新品: ¥85,140  中古: ¥58,480
  [439/485] Tamron 20mm F/2.8 Di III OSD M1:2
     新品: ¥37,965  中古: ¥20,900
  [440/485] Tamron 24mm F/2.8 Di III OSD M1:2
     新品: ¥35,580  中古: ¥20,900
  [441/485] Tamron 35mm F/2.8 Di III OSD M1:2
     新品: ¥35,580  中古: ¥26,800
  [442/485] Tamron 150-500mm F/5-6.7 Di III VC VXD
     新品: ¥134,140  中古: ¥114,280
  [443/485] Tamron 50-300mm F/4.5-6.3 Di III VC VXD
     新品: ¥110,660  中古: ¥82,800
  [444/485] Tamron 90mm F/2.8 Di III MACRO VXD
     新品: ¥89,655  中古: ¥85,800
  [445/485] Tamron 20-40mm F/2.8 Di III VXD
     新品: ¥87,919  中古: ¥59,900
  [446/485] Tamron 17-70mm F/2.8 Di III-A VC RXD
     新品: ¥79,200  中古: ¥71,170
  [447/485] Tamron 11-20mm F/2.8 Di III-A RXD
     新品: ¥73,060  中古: ¥49,800
  [448/485] Tamron 18-300mm F/3.5-6.3 Di III-A VC VXD
     新品: ¥68,369  中古: ¥56,800
  [449/485] ULTRON Vintage Line 28mm F2 Aspherical スナップシューターの盟友 2021年6月1
     新品: ¥87,800  中古: ¥126,500
  [450/485] APO-ULTRON 90mm F2 大口径＆コンパクトな中望遠レンズ 2025年1月23日発売
     新品: ¥107,174  中古: 取得失敗
  [451/485] ULTRON 27mm F2 パンケーキスタイルの標準レンズ 2023年6月14日発売
     新品: ¥63,500  中古: ¥58,800
  [452/485] MACRO APO-ULTRON 35mm F2 大口径でコンパクトな標準マクロ 2022年8月8日発売
     新品: ¥78,285  中古: ¥55,800
  [453/485] MACRO APO-ULTRON D35mm F2 大口径でコンパクトな標準マクロレンズ 2022年10月4日発売
     新品: ¥86,000  中古: 取得失敗
  [454/485] ULTRON 40mm F2 Aspherical SL IIs 鋭い切れ味となめらかなボケ味の定番レンズ 2017年9
     新品: ¥49,633  中古: 取得失敗
  [455/485] Fujifilm XF 8mm F3.5 R WR
     新品: ¥90,396  中古: ¥85,800
  [456/485] Fujifilm XF 14mm F2.8 R
     新品: ¥108,600  中古: ¥28,080
  [457/485] Fujifilm XF 16mm F1.4 R WR
     新品: ¥141,570  中古: ¥58,800
  [458/485] Fujifilm XF 16mm F2.8 R WR
     新品: ¥56,948  中古: ¥43,530
  [459/485] Fujifilm XF 18mm F1.4 R LM WR
     新品: ¥142,868  中古: ¥85,900
  [460/485] Fujifilm XF 18mm F2 R
     新品: ¥85,140  中古: ¥35,800
  [461/485] Fujifilm XF 23mm F1.4 R LM WR
     新品: ¥99,850  中古: ¥87,800
  [462/485] Fujifilm XF 23mm F2 R WR
     新品: 取得失敗  中古: ¥44,660
  [463/485] Fujifilm XF 27mm F2.8 R WR
     新品: ¥55,454  中古: ¥50,800
  [464/485] Fujifilm XF 33mm F1.4 R LM WR
     新品: ¥103,900  中古: ¥103,960
  [465/485] Fujifilm XF 35mm F1.4 R
     新品: ¥29,700  中古: ¥71,800
  [466/485] Fujifilm XF 35mm F2 R WR
     新品: ¥54,530  中古: ¥47,000
  [467/485] Fujifilm XF 50mm F1.0 R WR
     新品: ¥211,860  中古: ¥121,000
  [468/485] Fujifilm XF 50mm F2 R WR
     新品: ¥60,850  中古: ¥46,800
  [469/485] Fujifilm XF 56mm F1.2 R WR
     新品: ¥137,690  中古: ¥107,000
  [470/485] Fujifilm XF 60mm F2.4 R Macro
     新品: ¥89,540  中古: ¥37,800
  [471/485] Fujifilm XF 80mm F2.8 R LM OIS WR Macro
     新品: ¥160,930  中古: ¥76,800
  [472/485] Fujifilm XF 90mm F2 R LM WR
     新品: ¥134,640  中古: ¥87,800
  [473/485] Fujifilm XF 200mm F2 R LM OIS WR
     新品: ¥849,420  中古: ¥458,000
  [474/485] Fujifilm XF 10-24mm F4 R OIS WR
     新品: ¥141,079  中古: ¥71,900
  [475/485] Fujifilm XF 16-55mm F2.8 R LM WR
     新品: ¥241,234  中古: ¥110,800
  [476/485] Fujifilm XF 16-80mm F4 R OIS WR
     新品: ¥112,860  中古: ¥64,700
  [477/485] Fujifilm XF 18-55mm F2.8-4 R LM OIS
     新品: ¥95,010  中古: ¥46,980
  [479/485] Fujifilm XF 50-140mm F2.8 R LM OIS WR
     新品: ¥226,710  中古: ¥140,800
  [480/485] Fujifilm XF 55-200mm F3.5-4.8 R LM OIS
     新品: ¥99,000  中古: ¥44,700
  [481/485] Fujifilm XF 70-300mm F4-5.6 R LM OIS WR
     新品: ¥112,000  中古: ¥99,800
  [482/485] Fujifilm XF 100-400mm F4.5-5.6 R LM OIS WR
     新品: ¥269,280  中古: ¥130,980
  [483/485] Fujifilm XF 150-600mm F5.6-8 R LM OIS WR
     新品: ¥285,700  中古: ¥219,800
  [484/485] Fujifilm GF 100mm F4 R LM OIS WR Macro
     新品: 取得失敗  中古: 取得失敗
  [485/485] Fujifilm GF 200mm F2 R LM OIS WR
     新品: 取得失敗  中古: 取得失敗

── サマリー ──────────────────────────────────
  購入リンク追加/更新: 0 件
  価格情報更新:        318 件  (スキップ: 167 件)
  新品価格取得成功:    278 件 / 318 件
  中古価格取得成功:    211 件 / 318 件

💾 保存完了 → ../public/lens_data.json
